[2025-09-01 21:08:22] [INFO    ] discord.client: logging in using static token
[2025-09-01 21:08:24] [DEBUG   ] discord.http: GET https://discord.com/api/v10/users/@me with None has returned 200
[2025-09-01 21:08:24] [DEBUG   ] discord.http: GET /users/@me has found its initial rate limit bucket hash (78bb8553d9352a5a2f89f9def401287a).
[2025-09-01 21:08:24] [DEBUG   ] discord.http: GET https://discord.com/api/v10/users/@me has received {'id': '1409582897006117026', 'username': 'LyricLounge', 'avatar': None, 'discriminator': '1906', 'public_flags': 0, 'flags': 0, 'bot': True, 'banner': None, 'accent_color': None, 'global_name': None, 'avatar_decoration_data': None, 'collectibles': None, 'display_name_styles': None, 'banner_color': None, 'clan': None, 'primary_guild': None, 'mfa_enabled': False, 'locale': 'en-US', 'premium_type': 0, 'email': None, 'verified': True, 'bio': ''}
[2025-09-01 21:08:25] [DEBUG   ] discord.http: GET https://discord.com/api/v10/oauth2/applications/@me with None has returned 200
[2025-09-01 21:08:25] [DEBUG   ] discord.http: GET /oauth2/applications/@me has found its initial rate limit bucket hash (d28a133af187e91d71d96a223467ce49).
[2025-09-01 21:08:25] [DEBUG   ] discord.http: GET https://discord.com/api/v10/oauth2/applications/@me has received {'id': '1409582897006117026', 'name': 'LyricLounge', 'icon': None, 'description': '', 'type': None, 'bot': {'id': '1409582897006117026', 'username': 'LyricLounge', 'avatar': None, 'discriminator': '1906', 'public_flags': 0, 'flags': 0, 'bot': True, 'banner': None, 'accent_color': None, 'global_name': None, 'avatar_decoration_data': None, 'collectibles': None, 'display_name_styles': None, 'banner_color': None, 'clan': None, 'primary_guild': None}, 'summary': '', 'is_monetized': False, 'is_verified': False, 'is_discoverable': False, 'bot_public': True, 'bot_require_code_grant': False, 'install_params': {'scopes': ['applications.commands'], 'permissions': '0'}, 'integration_types_config': {'0': {'oauth2_install_params': {'scopes': ['applications.commands'], 'permissions': '0'}}, '1': {'oauth2_install_params': {'scopes': ['applications.commands'], 'permissions': '0'}}}, 'verify_key': 'd0f2623bb45bbd6df4706f323f0070c317b258c524aa211033904d35ff3487be', 'flags': 557056, 'hook': True, 'storefront_available': False, 'redirect_uris': [], 'interactions_endpoint_url': None, 'role_connections_verification_url': None, 'owner': {'id': '1074144319486836786', 'username': 'saharsh8995', 'avatar': None, 'discriminator': '0', 'public_flags': 0, 'flags': 0, 'banner': None, 'accent_color': None, 'global_name': 'Saharsh', 'avatar_decoration_data': None, 'collectibles': None, 'display_name_styles': None, 'banner_color': None, 'clan': None, 'primary_guild': None}, 'approximate_guild_count': 1, 'approximate_user_install_count': 0, 'approximate_user_authorization_count': 0, 'interactions_event_types': [], 'interactions_version': 1, 'explicit_content_filter': 0, 'rpc_application_state': 0, 'store_application_state': 1, 'verification_state': 1, 'integration_public': True, 'integration_require_code_grant': False, 'discoverability_state': 1, 'discovery_eligibility_flags': 224, 'monetization_state': 1, 'verification_eligibility_flags': 91036, 'monetization_eligibility_flags': 181988, 'team': None, 'internal_guild_restriction': 2, 'approved_consoles': [], 'pricing_localization_strategy': 'localized_price_sets'}
[2025-09-01 21:08:27] [DEBUG   ] discord.gateway: Created websocket connected to wss://gateway.discord.gg/
[2025-09-01 21:08:27] [DEBUG   ] discord.gateway: For Shard ID None: WebSocket Event: {'t': None, 's': None, 'op': 10, 'd': {'heartbeat_interval': 41250, '_trace': ['["gateway-prd-arm-us-east1-c-pfnn",{"micros":0.0}]']}}
[2025-09-01 21:08:27] [DEBUG   ] discord.gateway: Shard ID None has sent the IDENTIFY payload.
[2025-09-01 21:08:27] [DEBUG   ] discord.gateway: For Shard ID None: WebSocket Event: {'t': None, 's': None, 'op': 11, 'd': None}
[2025-09-01 21:08:27] [DEBUG   ] discord.gateway: For Shard ID None: WebSocket Event: {'t': 'READY', 's': 1, 'op': 0, 'd': {'v': 10, 'user_settings': {}, 'user': {'verified': True, 'username': 'LyricLounge', 'primary_guild': None, 'mfa_enabled': False, 'id': '1409582897006117026', 'global_name': None, 'flags': 0, 'email': None, 'discriminator': '1906', 'clan': None, 'bot': True, 'avatar': None}, 'session_type': 'normal', 'session_id': 'fcf02aedac614e005073cdec6379c029', 'resume_gateway_url': 'wss://gateway-us-east1-c.discord.gg', 'relationships': [], 'private_channels': [], 'presences': [], 'guilds': [{'unavailable': True, 'id': '1409584395437740077'}], 'guild_join_requests': [], 'geo_ordered_rtc_regions': ['india', 'dubai', 'singapore', 'saudi-arabia', 'hongkong'], 'game_relationships': [], 'auth': {}, 'application': {'id': '1409582897006117026', 'flags': 557056}, '_trace': ['["gateway-prd-arm-us-east1-c-pfnn",{"micros":151005,"calls":["id_created",{"micros":377,"calls":[]},"session_lookup_time",{"micros":202,"calls":[]},"session_lookup_finished",{"micros":10,"calls":[]},"discord-sessions-prd-2-107",{"micros":150067,"calls":["start_session",{"micros":130204,"calls":["discord-api-continuous-canary-rpc-54f4d7895f-swnz9",{"micros":96286,"calls":["get_user",{"micros":5981},"get_guilds",{"micros":4541},"send_scheduled_deletion_message",{"micros":15},"guild_join_requests",{"micros":42160},"authorized_ip_coro",{"micros":14},"pending_payments",{"micros":19279},"apex_experiments",{"micros":6070},"user_activities",{"micros":6},"played_application_ids",{"micros":4}]}]},"starting_guild_connect",{"micros":54,"calls":[]},"presence_started",{"micros":5037,"calls":[]},"guilds_started",{"micros":89,"calls":[]},"lobbies_started",{"micros":1,"calls":[]},"guilds_connect",{"micros":1,"calls":[]},"presence_connect",{"micros":14660,"calls":[]},"connect_finished",{"micros":14664,"calls":[]},"build_ready",{"micros":10,"calls":[]},"clean_ready",{"micros":0,"calls":[]},"optimize_ready",{"micros":6,"calls":[]},"split_ready",{"micros":1,"calls":[]}]}]}]']}}
[2025-09-01 21:08:27] [DEBUG   ] discord.client: Dispatching event socket_event_type
[2025-09-01 21:08:27] [INFO    ] discord.gateway: Shard ID None has connected to Gateway (Session ID: fcf02aedac614e005073cdec6379c029).
[2025-09-01 21:08:27] [DEBUG   ] discord.client: Dispatching event connect
[2025-09-01 21:08:27] [DEBUG   ] discord.gateway: For Shard ID None: WebSocket Event: {'t': 'GUILD_CREATE', 's': 2, 'op': 0, 'd': {'stage_instances': [], 'icon': None, 'premium_progress_bar_enabled': False, 'incidents_data': None, 'explicit_content_filter': 0, 'latest_onboarding_question_id': None, 'features': [], 'members': [{'user': {'username': 'LyricLounge', 'public_flags': 0, 'primary_guild': None, 'id': '1409582897006117026', 'global_name': None, 'display_name_styles': None, 'display_name': None, 'discriminator': '1906', 'collectibles': None, 'bot': True, 'avatar_decoration_data': None, 'avatar': None}, 'roles': ['1409585907538985143'], 'premium_since': None, 'pending': False, 'nick': None, 'mute': False, 'joined_at': '2025-08-25T17:11:09.283000+00:00', 'flags': 0, 'deaf': False, 'communication_disabled_until': None, 'banner': None, 'avatar': None}], 'profile': None, 'public_updates_channel_id': None, 'inventory_settings': None, 'stickers': [], 'max_stage_video_channel_users': 50, 'nsfw': False, 'id': '1409584395437740077', 'afk_timeout': 300, 'large': False, 'name': 'test_server', 'voice_states': [], 'max_members': 25000000, 'region': 'deprecated', 'max_video_channel_users': 25, 'rules_channel_id': None, 'premium_subscription_count': 0, 'emojis': [], 'banner': None, 'threads': [], 'home_header': None, 'premium_features': None, 'safety_alerts_channel_id': None, 'member_count': 6, 'activity_instances': [], 'roles': [{'version': 1756141508865, 'unicode_emoji': None, 'tags': {}, 'position': 0, 'permissions': '2248473465835073', 'name': '@everyone', 'mentionable': False, 'managed': False, 'id': '1409584395437740077', 'icon': None, 'hoist': False, 'flags': 0, 'colors': {'tertiary_color': None, 'secondary_color': None, 'primary_color': 0}, 'color': 0}, {'version': 1756171905906, 'unicode_emoji': None, 'tags': {'bot_id': '1409582897006117026'}, 'position': 2, 'permissions': '2815213892398144', 'name': 'youtube_tutorial', 'mentionable': False, 'managed': True, 'id': '1409585907538985143', 'icon': None, 'hoist': False, 'flags': 0, 'colors': {'tertiary_color': None, 'secondary_color': None, 'primary_color': 0}, 'color': 0}, {'version': 1756171904990, 'unicode_emoji': None, 'tags': {}, 'position': 1, 'permissions': '0', 'name': 'legends', 'mentionable': False, 'managed': False, 'id': '1409601424068710555', 'icon': None, 'hoist': False, 'flags': 0, 'colors': {'tertiary_color': None, 'secondary_color': None, 'primary_color': 15277667}, 'color': 15277667}], 'description': None, 'premium_tier': 0, 'joined_at': '2025-08-25T17:11:09.283000+00:00', 'presences': [], 'default_message_notifications': 0, 'lazy': True, 'discovery_splash': None, 'owner_configured_content_level': 0, 'nsfw_level': 0, 'application_id': None, 'hub_type': None, 'guild_scheduled_events': [], 'afk_channel_id': None, 'mfa_level': 0, 'vanity_url_code': None, 'moderator_reporting': None, 'soundboard_sounds': [], 'system_channel_flags': 0, 'version': 1756141681833, 'unavailable': False, 'embedded_activities': [], 'splash': None, 'system_channel_id': '1409584396226527304', 'verification_level': 0, 'channels': [{'version': 1756141508875, 'type': 4, 'position': 0, 'permission_overwrites': [], 'name': 'Text Channels', 'id': '1409584396226527302', 'flags': 0}, {'version': 1756141508885, 'type': 4, 'position': 0, 'permission_overwrites': [], 'name': 'Voice Channels', 'id': '1409584396226527303', 'flags': 0}, {'version': 1756141508900, 'type': 0, 'topic': None, 'rate_limit_per_user': 0, 'position': 0, 'permission_overwrites': [], 'parent_id': '1409584396226527302', 'name': 'general', 'last_message_id': '1411950922871083058', 'id': '1409584396226527304', 'icon_emoji': {'name': '👋', 'id': None}, 'flags': 0}, {'version': 1756141508907, 'user_limit': 0, 'type': 2, 'rtc_region': None, 'rate_limit_per_user': 0, 'position': 0, 'permission_overwrites': [], 'parent_id': '1409584396226527303', 'name': 'General', 'last_message_id': None, 'id': '1409584396226527305', 'icon_emoji': {'name': '🎙', 'id': None}, 'flags': 0, 'bitrate': 64000}, {'version': 1756718876014, 'type': 0, 'topic': None, 'rate_limit_per_user': 0, 'position': 1, 'permission_overwrites': [], 'parent_id': '1409584396226527303', 'name': 'lyriclounge', 'last_message_id': '1412008386530246706', 'id': '1409585633638219947', 'flags': 0}], 'application_command_counts': {}, 'owner_id': '1074144319486836786', 'preferred_locale': 'en-US'}}
[2025-09-01 21:08:27] [DEBUG   ] discord.client: Dispatching event socket_event_type
[2025-09-01 21:08:28] [DEBUG   ] discord.gateway: For Shard ID None: WebSocket Event: {'t': 'GUILD_MEMBERS_CHUNK', 's': 3, 'op': 0, 'd': {'nonce': '5deb986fba1c273d65668e6c62a924b9', 'members': [{'user': {'username': 'rishik_raj', 'public_flags': 0, 'primary_guild': None, 'id': '816992763223867424', 'global_name': 'Rishik', 'display_name_styles': None, 'display_name': 'Rishik', 'discriminator': '0', 'collectibles': None, 'bot': False, 'avatar_decoration_data': None, 'avatar': None}, 'roles': [], 'premium_since': None, 'pending': False, 'nick': None, 'mute': False, 'joined_at': '2025-08-25T17:52:28.415000+00:00', 'flags': 0, 'deaf': False, 'communication_disabled_until': None, 'banner': None, 'avatar': None}, {'user': {'username': 'saharsh8995', 'public_flags': 0, 'primary_guild': None, 'id': '1074144319486836786', 'global_name': 'Saharsh', 'display_name_styles': None, 'display_name': 'Saharsh', 'discriminator': '0', 'collectibles': None, 'bot': False, 'avatar_decoration_data': None, 'avatar': None}, 'roles': ['1409601424068710555'], 'premium_since': None, 'pending': False, 'nick': None, 'mute': False, 'joined_at': '2025-08-25T17:05:08.781000+00:00', 'flags': 0, 'deaf': False, 'communication_disabled_until': None, 'banner': None, 'avatar': None}, {'user': {'username': 'devpl322_02960', 'public_flags': 0, 'primary_guild': None, 'id': '1269100208109912166', 'global_name': 'Dev Narayan U', 'display_name_styles': None, 'display_name': 'Dev Narayan U', 'discriminator': '0', 'collectibles': None, 'bot': False, 'avatar_decoration_data': None, 'avatar': None}, 'roles': ['1409601424068710555'], 'premium_since': None, 'pending': False, 'nick': None, 'mute': False, 'joined_at': '2025-08-26T07:51:03.639000+00:00', 'flags': 0, 'deaf': False, 'communication_disabled_until': None, 'banner': None, 'avatar': None}, {'user': {'username': 'sarveshsudheer', 'public_flags': 0, 'primary_guild': None, 'id': '1396876177708154962', 'global_name': 'Sarvesh Sudheer', 'display_name_styles': None, 'display_name': 'Sarvesh Sudheer', 'discriminator': '0', 'collectibles': None, 'bot': False, 'avatar_decoration_data': None, 'avatar': '5445ffd7ffb201a98393cbdf684ea4b1'}, 'roles': ['1409601424068710555'], 'premium_since': None, 'pending': False, 'nick': None, 'mute': False, 'joined_at': '2025-08-26T02:32:36.857000+00:00', 'flags': 0, 'deaf': False, 'communication_disabled_until': None, 'banner': None, 'avatar': None}, {'user': {'username': 'LyricLounge', 'public_flags': 0, 'primary_guild': None, 'id': '1409582897006117026', 'global_name': None, 'display_name_styles': None, 'display_name': None, 'discriminator': '1906', 'collectibles': None, 'bot': True, 'avatar_decoration_data': None, 'avatar': None}, 'roles': ['1409585907538985143'], 'premium_since': None, 'pending': False, 'nick': None, 'mute': False, 'joined_at': '2025-08-25T17:11:09.283000+00:00', 'flags': 0, 'deaf': False, 'communication_disabled_until': None, 'banner': None, 'avatar': None}, {'user': {'username': 'sonips.', 'public_flags': 0, 'primary_guild': None, 'id': '1410220756620808192', 'global_name': 'Soni Ps', 'display_name_styles': None, 'display_name': 'Soni Ps', 'discriminator': '0', 'collectibles': None, 'bot': False, 'avatar_decoration_data': None, 'avatar': '5445ffd7ffb201a98393cbdf684ea4b1'}, 'roles': [], 'premium_since': None, 'pending': False, 'nick': None, 'mute': False, 'joined_at': '2025-09-01T05:48:50.936000+00:00', 'flags': 1, 'deaf': False, 'communication_disabled_until': None, 'banner': None, 'avatar': None}], 'guild_id': '1409584395437740077', 'chunk_index': 0, 'chunk_count': 1}}
[2025-09-01 21:08:28] [DEBUG   ] discord.client: Dispatching event socket_event_type
[2025-09-01 21:08:28] [DEBUG   ] discord.state: Processed a chunk for 6 members in guild ID 1409584395437740077.
[2025-09-01 21:08:29] [DEBUG   ] discord.client: Dispatching event guild_available
[2025-09-01 21:08:29] [DEBUG   ] discord.client: Dispatching event ready
[2025-09-01 21:09:08] [DEBUG   ] discord.gateway: Keeping shard ID None websocket alive with sequence 3.
[2025-09-01 21:09:08] [DEBUG   ] discord.gateway: For Shard ID None: WebSocket Event: {'t': None, 's': None, 'op': 11, 'd': None}
[2025-09-01 21:09:49] [DEBUG   ] discord.gateway: Keeping shard ID None websocket alive with sequence 3.
[2025-09-01 21:09:50] [DEBUG   ] discord.gateway: For Shard ID None: WebSocket Event: {'t': None, 's': None, 'op': 11, 'd': None}
[2025-09-01 21:10:30] [DEBUG   ] discord.gateway: Keeping shard ID None websocket alive with sequence 3.
[2025-09-01 21:10:31] [DEBUG   ] discord.gateway: For Shard ID None: WebSocket Event: {'t': None, 's': None, 'op': 11, 'd': None}
[2025-09-01 21:11:12] [DEBUG   ] discord.gateway: Keeping shard ID None websocket alive with sequence 3.
[2025-09-01 21:11:12] [DEBUG   ] discord.gateway: For Shard ID None: WebSocket Event: {'t': None, 's': None, 'op': 11, 'd': None}
[2025-09-01 21:11:53] [DEBUG   ] discord.gateway: Keeping shard ID None websocket alive with sequence 3.
[2025-09-01 21:12:12] [DEBUG   ] discord.gateway: Timed out receiving packet. Attempting a reconnect.
[2025-09-01 21:12:12] [DEBUG   ] discord.client: Got a request to RESUME the websocket.
[2025-09-01 21:12:12] [DEBUG   ] discord.client: Dispatching event disconnect
[2025-09-01 21:12:13] [DEBUG   ] discord.gateway: Created websocket connected to wss://gateway-us-east1-c.discord.gg
[2025-09-01 21:12:13] [DEBUG   ] discord.gateway: For Shard ID None: WebSocket Event: {'t': None, 's': None, 'op': 10, 'd': {'heartbeat_interval': 41250, '_trace': ['["gateway-prd-arm-us-east1-c-0ln0",{"micros":0.0}]']}}
[2025-09-01 21:12:13] [DEBUG   ] discord.gateway: Shard ID None has sent the RESUME payload.
[2025-09-01 21:12:13] [DEBUG   ] discord.gateway: For Shard ID None: WebSocket Event: {'t': None, 's': None, 'op': 11, 'd': None}
[2025-09-01 21:12:13] [DEBUG   ] discord.gateway: For Shard ID None: WebSocket Event: {'t': 'RESUMED', 's': 4, 'op': 0, 'd': {'_trace': ['["gateway-prd-arm-us-east1-c-0ln0",{"micros":1646,"calls":["id_created",{"micros":0,"calls":[]},"session_lookup_time",{"micros":1322,"calls":[]},"session_lookup_finished",{"micros":8,"calls":[]},"discord-sessions-prd-2-107",{"micros":22}]}]']}}
[2025-09-01 21:12:13] [DEBUG   ] discord.client: Dispatching event socket_event_type
[2025-09-01 21:12:13] [INFO    ] discord.gateway: Shard ID None has successfully RESUMED session fcf02aedac614e005073cdec6379c029.
[2025-09-01 21:12:13] [DEBUG   ] discord.client: Dispatching event resumed
[2025-09-01 21:12:54] [DEBUG   ] discord.gateway: Keeping shard ID None websocket alive with sequence 4.
[2025-09-01 21:12:54] [DEBUG   ] discord.gateway: For Shard ID None: WebSocket Event: {'t': None, 's': None, 'op': 11, 'd': None}
[2025-09-01 21:13:35] [DEBUG   ] discord.gateway: Keeping shard ID None websocket alive with sequence 4.
[2025-09-01 21:13:36] [DEBUG   ] discord.gateway: For Shard ID None: WebSocket Event: {'t': None, 's': None, 'op': 11, 'd': None}
[2025-09-01 21:14:16] [DEBUG   ] discord.gateway: Keeping shard ID None websocket alive with sequence 4.
[2025-09-01 21:14:17] [DEBUG   ] discord.gateway: For Shard ID None: WebSocket Event: {'t': None, 's': None, 'op': 11, 'd': None}
[2025-09-01 21:14:58] [DEBUG   ] discord.gateway: Keeping shard ID None websocket alive with sequence 4.
[2025-09-01 21:14:58] [DEBUG   ] discord.gateway: For Shard ID None: WebSocket Event: {'t': None, 's': None, 'op': 11, 'd': None}
[2025-09-01 21:15:39] [DEBUG   ] discord.gateway: Keeping shard ID None websocket alive with sequence 4.
[2025-09-01 21:15:39] [DEBUG   ] discord.gateway: For Shard ID None: WebSocket Event: {'t': None, 's': None, 'op': 11, 'd': None}
[2025-09-01 21:16:20] [DEBUG   ] discord.gateway: Keeping shard ID None websocket alive with sequence 4.
[2025-09-01 21:16:21] [DEBUG   ] discord.gateway: For Shard ID None: WebSocket Event: {'t': None, 's': None, 'op': 11, 'd': None}
[2025-09-01 21:17:01] [DEBUG   ] discord.gateway: Keeping shard ID None websocket alive with sequence 4.
[2025-09-01 21:17:02] [DEBUG   ] discord.gateway: For Shard ID None: WebSocket Event: {'t': None, 's': None, 'op': 11, 'd': None}
[2025-09-01 21:17:43] [DEBUG   ] discord.gateway: Keeping shard ID None websocket alive with sequence 4.
[2025-09-01 21:17:43] [DEBUG   ] discord.gateway: For Shard ID None: WebSocket Event: {'t': None, 's': None, 'op': 11, 'd': None}
[2025-09-01 21:18:24] [DEBUG   ] discord.gateway: Keeping shard ID None websocket alive with sequence 4.
[2025-09-01 21:18:24] [DEBUG   ] discord.gateway: For Shard ID None: WebSocket Event: {'t': None, 's': None, 'op': 11, 'd': None}
[2025-09-01 21:19:05] [DEBUG   ] discord.gateway: Keeping shard ID None websocket alive with sequence 4.
[2025-09-01 21:19:06] [DEBUG   ] discord.gateway: For Shard ID None: WebSocket Event: {'t': None, 's': None, 'op': 11, 'd': None}
[2025-09-01 21:19:46] [DEBUG   ] discord.gateway: Keeping shard ID None websocket alive with sequence 4.
[2025-09-01 21:19:47] [DEBUG   ] discord.gateway: For Shard ID None: WebSocket Event: {'t': None, 's': None, 'op': 11, 'd': None}
[2025-09-01 21:20:28] [DEBUG   ] discord.gateway: Keeping shard ID None websocket alive with sequence 4.
[2025-09-01 21:20:28] [DEBUG   ] discord.gateway: For Shard ID None: WebSocket Event: {'t': None, 's': None, 'op': 11, 'd': None}
[2025-09-01 21:21:09] [DEBUG   ] discord.gateway: Keeping shard ID None websocket alive with sequence 4.
[2025-09-01 21:21:09] [DEBUG   ] discord.gateway: For Shard ID None: WebSocket Event: {'t': None, 's': None, 'op': 11, 'd': None}
[2025-09-01 21:21:50] [DEBUG   ] discord.gateway: Keeping shard ID None websocket alive with sequence 4.
[2025-09-01 21:21:51] [DEBUG   ] discord.gateway: For Shard ID None: WebSocket Event: {'t': None, 's': None, 'op': 11, 'd': None}
[2025-09-01 21:22:31] [DEBUG   ] discord.gateway: Keeping shard ID None websocket alive with sequence 4.
[2025-09-01 21:22:32] [DEBUG   ] discord.gateway: For Shard ID None: WebSocket Event: {'t': None, 's': None, 'op': 11, 'd': None}
[2025-09-01 21:23:13] [DEBUG   ] discord.gateway: Keeping shard ID None websocket alive with sequence 4.
[2025-09-01 21:23:13] [DEBUG   ] discord.gateway: For Shard ID None: WebSocket Event: {'t': None, 's': None, 'op': 11, 'd': None}
[2025-09-01 21:23:54] [DEBUG   ] discord.gateway: Keeping shard ID None websocket alive with sequence 4.
[2025-09-01 21:23:54] [DEBUG   ] discord.gateway: For Shard ID None: WebSocket Event: {'t': None, 's': None, 'op': 11, 'd': None}
[2025-09-01 21:24:35] [DEBUG   ] discord.gateway: Keeping shard ID None websocket alive with sequence 4.
[2025-09-01 21:24:36] [DEBUG   ] discord.gateway: For Shard ID None: WebSocket Event: {'t': None, 's': None, 'op': 11, 'd': None}
[2025-09-01 21:25:16] [DEBUG   ] discord.gateway: Keeping shard ID None websocket alive with sequence 4.
[2025-09-01 21:25:17] [DEBUG   ] discord.gateway: For Shard ID None: WebSocket Event: {'t': None, 's': None, 'op': 11, 'd': None}
[2025-09-01 21:25:58] [DEBUG   ] discord.gateway: Keeping shard ID None websocket alive with sequence 4.
[2025-09-01 21:25:58] [DEBUG   ] discord.gateway: For Shard ID None: WebSocket Event: {'t': None, 's': None, 'op': 11, 'd': None}
[2025-09-01 21:26:39] [DEBUG   ] discord.gateway: Keeping shard ID None websocket alive with sequence 4.
[2025-09-01 21:26:39] [DEBUG   ] discord.gateway: For Shard ID None: WebSocket Event: {'t': None, 's': None, 'op': 11, 'd': None}
[2025-09-01 21:27:20] [DEBUG   ] discord.gateway: Keeping shard ID None websocket alive with sequence 4.
[2025-09-01 21:27:21] [DEBUG   ] discord.gateway: For Shard ID None: WebSocket Event: {'t': None, 's': None, 'op': 11, 'd': None}
[2025-09-01 21:28:02] [DEBUG   ] discord.gateway: Keeping shard ID None websocket alive with sequence 4.
[2025-09-01 21:28:02] [DEBUG   ] discord.gateway: For Shard ID None: WebSocket Event: {'t': None, 's': None, 'op': 11, 'd': None}
[2025-09-01 21:28:43] [DEBUG   ] discord.gateway: Keeping shard ID None websocket alive with sequence 4.
[2025-09-01 21:28:43] [DEBUG   ] discord.gateway: For Shard ID None: WebSocket Event: {'t': None, 's': None, 'op': 11, 'd': None}
[2025-09-01 21:29:24] [DEBUG   ] discord.gateway: Keeping shard ID None websocket alive with sequence 4.
[2025-09-01 21:29:24] [DEBUG   ] discord.gateway: For Shard ID None: WebSocket Event: {'t': None, 's': None, 'op': 11, 'd': None}
[2025-09-01 21:30:05] [DEBUG   ] discord.gateway: Keeping shard ID None websocket alive with sequence 4.
[2025-09-01 21:30:06] [DEBUG   ] discord.gateway: For Shard ID None: WebSocket Event: {'t': None, 's': None, 'op': 11, 'd': None}
[2025-09-01 21:30:47] [DEBUG   ] discord.gateway: Keeping shard ID None websocket alive with sequence 4.
[2025-09-01 21:30:47] [DEBUG   ] discord.gateway: For Shard ID None: WebSocket Event: {'t': None, 's': None, 'op': 11, 'd': None}
[2025-09-01 21:31:28] [DEBUG   ] discord.gateway: Keeping shard ID None websocket alive with sequence 4.
[2025-09-01 21:31:28] [DEBUG   ] discord.gateway: For Shard ID None: WebSocket Event: {'t': None, 's': None, 'op': 11, 'd': None}
[2025-09-01 21:32:09] [DEBUG   ] discord.gateway: Keeping shard ID None websocket alive with sequence 4.
[2025-09-01 21:32:10] [DEBUG   ] discord.gateway: For Shard ID None: WebSocket Event: {'t': None, 's': None, 'op': 11, 'd': None}
[2025-09-01 21:32:50] [DEBUG   ] discord.gateway: Keeping shard ID None websocket alive with sequence 4.
[2025-09-01 21:32:51] [DEBUG   ] discord.gateway: For Shard ID None: WebSocket Event: {'t': None, 's': None, 'op': 11, 'd': None}
[2025-09-01 21:33:32] [DEBUG   ] discord.gateway: Keeping shard ID None websocket alive with sequence 4.
[2025-09-01 21:33:32] [DEBUG   ] discord.gateway: For Shard ID None: WebSocket Event: {'t': None, 's': None, 'op': 11, 'd': None}
